[10мая2026 12:58:54.648] [main/INFO] [cpw.mods.modlauncher.Launcher/MODLAUNCHER]: ModLauncher running: args [--quickPlaySingleplayer, New World, --launchTarget, forgeclientuserdev, --version, 21.1.77, --assetIndex, asset-index, --assetsDir, C:\Users\alik_\.gradle\caches\minecraft\assets, --gameDir, ., --fml.neoForgeVersion, 21.1.77, --fml.fmlVersion, 4.0.31, --fml.mcVersion, 1.21.1, --fml.neoFormVersion, 20240808.144430]
[10мая2026 12:58:54.651] [main/INFO] [cpw.mods.modlauncher.Launcher/MODLAUNCHER]: JVM identified as Eclipse Adoptium OpenJDK 64-Bit Server VM 21.0.3+9-LTS
[10мая2026 12:58:54.653] [main/INFO] [cpw.mods.modlauncher.Launcher/MODLAUNCHER]: ModLauncher 11.0.4+main.d2e20e43 starting: java version 21.0.3 by Eclipse Adoptium; OS Windows 11 arch amd64 version 10.0
[10мая2026 12:58:54.756] [main/INFO] [net.neoforged.fml.loading.ImmediateWindowHandler/]: Loading ImmediateWindowProvider fmlearlywindow
[10мая2026 12:58:54.841] [main/INFO] [EARLYDISPLAY/]: Trying GL version 4.6
[10мая2026 12:58:54.909] [main/INFO] [EARLYDISPLAY/]: Requested GL version 4.6 got version 4.6
[10мая2026 12:58:55.007] [main/INFO] [mixin/]: SpongePowered MIXIN Subsystem Version=0.8.7 Source=union:/C:/Users/alik_/.gradle/caches/modules-2/files-2.1/net.fabricmc/sponge-mixin/0.15.2+mixin.0.8.7/2af2f021d8e02a0220dc27a7a72b4666d66d44ca/sponge-mixin-0.15.2+mixin.0.8.7.jar%23135!/ Service=ModLauncher Env=CLIENT
[10мая2026 12:58:55.234] [pool-2-thread-1/INFO] [EARLYDISPLAY/]: GL info: Radeon(TM) RX 460 Graphics GL version 4.6.0 Core Profile Context 26.1.1.251211, ATI Technologies Inc.
[10мая2026 12:58:55.274] [main/INFO] [net.neoforged.fml.loading.moddiscovery.ModDiscoverer/SCAN]: Found mod file "neoforge-21.1.77.jar" [locator: neoforge devenv provider ([C:\dev\Minecraft_Mods\InfoPanelMod\.gradle\repositories\ng_dummy_ng\net\neoforged\neoforge\21.1.77\neoforge-21.1.77.jar])]
[10мая2026 12:58:55.288] [main/INFO] [net.neoforged.fml.loading.moddiscovery.ModDiscoverer/SCAN]: Found mod file "neoforge-21.1.77.jar" [locator: neoforge devenv provider ([C:\dev\Minecraft_Mods\InfoPanelMod\.gradle\repositories\ng_dummy_ng\net\neoforged\neoforge\21.1.77\neoforge-21.1.77.jar])]
[10мая2026 12:58:55.300] [main/INFO] [net.neoforged.fml.loading.moddiscovery.ModDiscoverer/SCAN]: Found mod file "main" [locator: userdev mods and services, reader: mod manifest]
[10мая2026 12:58:55.312] [main/INFO] [net.neoforged.fml.loading.moddiscovery.ModDiscoverer/SCAN]: Found mod file "neoforge-21.1.77.jar" [locator: userdev mods and services, reader: mod manifest]
[10мая2026 12:58:55.369] [main/INFO] [net.neoforged.fml.loading.moddiscovery.ModDiscoverer/SCAN]: Found gamelibrary file "mixinextras-neoforge-0.4.1.jar" [locator: userdev mods and services, reader: mod manifest]
[10мая2026 12:58:55.476] [main/WARN] [net.neoforged.jarjar.selection.JarSelector/]: Attempted to select a dependency jar for JarJar which was passed in as source: library:mixinextras.neoforge. Using Mod File: C:\Users\alik_\.gradle\caches\modules-2\files-2.1\io.github.llamalad7\mixinextras-neoforge\0.4.1\eff97772ecd0dcf8e52cdbafd3b3ccec425f8314\mixinextras-neoforge-0.4.1.jar
[10мая2026 12:58:55.476] [main/INFO] [net.neoforged.fml.loading.moddiscovery.locators.JarInJarDependencyLocator/]: Found 1 dependencies adding them to mods collection
[10мая2026 12:58:55.477] [main/INFO] [net.neoforged.fml.loading.moddiscovery.ModDiscoverer/SCAN]: Found library file "neoforge-coremods-21.1.77.jar" [parent: neoforge-21.1.77.jar, locator: jarinjar, reader: mod manifest]
[10мая2026 12:58:55.478] [main/INFO] [net.neoforged.fml.loading.moddiscovery.ModDiscoverer/]: 
     Mod List:
		Name Version (Mod Id)

		InfoPanel 1.1 (infopanel)
		Minecraft 1.21.1 (minecraft)
		NeoForge 21.1.77 (neoforge)
[10мая2026 12:58:56.019] [main/INFO] [mixin/]: Compatibility level set to JAVA_21
[10мая2026 12:58:56.025] [main/INFO] [cpw.mods.modlauncher.LaunchServiceHandler/MODLAUNCHER]: Launching target 'forgeclientuserdev' with arguments [--version, 21.1.77, --gameDir, ., --assetsDir, C:\Users\alik_\.gradle\caches\minecraft\assets, --quickPlaySingleplayer, New World, --assetIndex, asset-index]
[10мая2026 12:58:56.065] [main/WARN] [mixin/]: Reference map 'infopanel.refmap.json' for infopanel.mixins.json could not be read. If this is a development environment you can ignore this message
[10мая2026 12:58:57.432] [Datafixer Bootstrap/INFO] [com.mojang.datafixers.DataFixerBuilder/]: 229 Datafixer optimizations took 348 milliseconds
[10мая2026 12:58:57.515] [main/WARN] [oshi.driver.windows.perfmon.PerfmonDisabled/]: Invalid registry value type detected for PerfOS counters. Should be REG_DWORD. Ignoring: HKEY_LOCAL_MACHINE\SYSTEM\CurrentControlSet\Services\PerfOS\Performance\Disable Performance Counters.
[10мая2026 12:58:57.547] [pool-7-thread-1/INFO] [MixinExtras|Service/]: Initializing MixinExtras via com.llamalad7.mixinextras.service.MixinExtrasServiceImpl(version=0.4.1).
[10мая2026 12:59:01.439] [main/WARN] [net.minecraft.commands.Commands/]: Ambiguity between arguments [teleport, location] and [teleport, destination] with inputs: [0.1 -0.5 .9, 0 0 0]
[10мая2026 12:59:01.440] [main/WARN] [net.minecraft.commands.Commands/]: Ambiguity between arguments [teleport, location] and [teleport, targets] with inputs: [0.1 -0.5 .9, 0 0 0]
[10мая2026 12:59:01.442] [main/WARN] [net.minecraft.commands.Commands/]: Ambiguity between arguments [teleport, destination] and [teleport, targets] with inputs: [Player, 0123, @e, dd12be42-52a9-4a91-a8a1-11c01849e498]
[10мая2026 12:59:01.443] [main/WARN] [net.minecraft.commands.Commands/]: Ambiguity between arguments [teleport, targets] and [teleport, destination] with inputs: [Player, 0123, dd12be42-52a9-4a91-a8a1-11c01849e498]
[10мая2026 12:59:01.444] [main/WARN] [net.minecraft.commands.Commands/]: Ambiguity between arguments [teleport, targets, location] and [teleport, targets, destination] with inputs: [0.1 -0.5 .9, 0 0 0]
[10мая2026 12:59:01.546] [Render thread/WARN] [net.minecraft.server.packs.VanillaPackResourcesBuilder/]: Assets URL 'union:/C:/dev/Minecraft_Mods/InfoPanelMod/.gradle/repositories/ng_dummy_ng/net/neoforged/neoforge/21.1.77/neoforge-21.1.77.jar%23189!/assets/.mcassetsroot' uses unexpected schema
[10мая2026 12:59:01.546] [Render thread/WARN] [net.minecraft.server.packs.VanillaPackResourcesBuilder/]: Assets URL 'union:/C:/dev/Minecraft_Mods/InfoPanelMod/.gradle/repositories/ng_dummy_ng/net/neoforged/neoforge/21.1.77/neoforge-21.1.77.jar%23189!/data/.mcassetsroot' uses unexpected schema
[10мая2026 12:59:01.565] [Render thread/INFO] [com.mojang.authlib.yggdrasil.YggdrasilAuthenticationService/]: Environment: Environment[sessionHost=https://sessionserver.mojang.com, servicesHost=https://api.minecraftservices.com, name=PROD]
[10мая2026 12:59:01.572] [Render thread/INFO] [net.minecraft.client.Minecraft/]: Setting user: Dev
[10мая2026 12:59:01.640] [Render thread/INFO] [net.minecraft.client.Minecraft/]: Backend library: LWJGL version 3.3.3+5
[10мая2026 12:59:01.809] [modloading-worker-0/INFO] [net.neoforged.neoforge.common.NeoForgeMod/NEOFORGE-MOD]: NeoForge mod loading, version 21.1.77, for MC 1.21.1
[10мая2026 12:59:02.493] [Render thread/INFO] [net.neoforged.neoforge.gametest.GameTestHooks/]: Enabled Gametest Namespaces: []
[10мая2026 12:59:02.599] [Render thread/INFO] [net.minecraft.server.packs.resources.ReloadableResourceManager/]: Reloading ResourceManager: vanilla, mod_resources, mod/infopanel, mod/neoforge
[10мая2026 12:59:02.663] [Worker-Main-6/INFO] [net.minecraft.client.gui.font.providers.UnihexProvider/]: Found unifont_all_no_pua-15.1.05.hex, loading
[10мая2026 12:59:02.757] [Worker-Main-10/INFO] [net.minecraft.client.gui.font.providers.UnihexProvider/]: Found unifont_jp_patch-15.1.05.hex, loading
[10мая2026 12:59:03.907] [Render thread/WARN] [net.minecraft.client.sounds.SoundEngine/]: Missing sound for event: minecraft:item.goat_horn.play
[10мая2026 12:59:03.908] [Render thread/WARN] [net.minecraft.client.sounds.SoundEngine/]: Missing sound for event: minecraft:entity.goat.screaming.horn_break
[10мая2026 12:59:03.936] [Render thread/INFO] [com.mojang.blaze3d.audio.Library/]: OpenAL initialized on device OpenAL Soft on Headphones (KT USB Audio)
[10мая2026 12:59:03.937] [Render thread/INFO] [net.minecraft.client.sounds.SoundEngine/SOUNDS]: Sound engine started
[10мая2026 12:59:04.024] [Render thread/INFO] [net.minecraft.client.renderer.texture.TextureAtlas/]: Created: 1024x512x4 minecraft:textures/atlas/blocks.png-atlas
[10мая2026 12:59:04.033] [Render thread/INFO] [net.minecraft.client.renderer.texture.TextureAtlas/]: Created: 256x256x4 minecraft:textures/atlas/signs.png-atlas
[10мая2026 12:59:04.033] [Render thread/INFO] [net.minecraft.client.renderer.texture.TextureAtlas/]: Created: 512x512x4 minecraft:textures/atlas/shield_patterns.png-atlas
[10мая2026 12:59:04.033] [Render thread/INFO] [net.minecraft.client.renderer.texture.TextureAtlas/]: Created: 512x512x4 minecraft:textures/atlas/banner_patterns.png-atlas
[10мая2026 12:59:04.034] [Render thread/INFO] [net.minecraft.client.renderer.texture.TextureAtlas/]: Created: 1024x1024x4 minecraft:textures/atlas/armor_trims.png-atlas
[10мая2026 12:59:04.044] [Render thread/INFO] [net.minecraft.client.renderer.texture.TextureAtlas/]: Created: 128x64x4 minecraft:textures/atlas/decorated_pot.png-atlas
[10мая2026 12:59:04.044] [Render thread/INFO] [net.minecraft.client.renderer.texture.TextureAtlas/]: Created: 256x256x4 minecraft:textures/atlas/chest.png-atlas
[10мая2026 12:59:04.044] [Render thread/INFO] [net.minecraft.client.renderer.texture.TextureAtlas/]: Created: 512x256x4 minecraft:textures/atlas/beds.png-atlas
[10мая2026 12:59:04.044] [Render thread/INFO] [net.minecraft.client.renderer.texture.TextureAtlas/]: Created: 512x256x4 minecraft:textures/atlas/shulker_boxes.png-atlas
[10мая2026 12:59:04.198] [Render thread/INFO] [net.minecraft.client.renderer.texture.TextureAtlas/]: Created: 512x256x0 minecraft:textures/atlas/particles.png-atlas
[10мая2026 12:59:04.199] [Render thread/INFO] [net.minecraft.client.renderer.texture.TextureAtlas/]: Created: 512x256x0 minecraft:textures/atlas/paintings.png-atlas
[10мая2026 12:59:04.199] [Render thread/INFO] [net.minecraft.client.renderer.texture.TextureAtlas/]: Created: 256x128x0 minecraft:textures/atlas/mob_effects.png-atlas
[10мая2026 12:59:04.199] [Render thread/INFO] [net.minecraft.client.renderer.texture.TextureAtlas/]: Created: 64x64x0 minecraft:textures/atlas/map_decorations.png-atlas
[10мая2026 12:59:04.199] [Render thread/INFO] [net.minecraft.client.renderer.texture.TextureAtlas/]: Created: 1024x512x0 minecraft:textures/atlas/gui.png-atlas
[10мая2026 12:59:04.227] [Render thread/WARN] [net.minecraft.client.renderer.ShaderInstance/]: Shader rendertype_entity_translucent_emissive could not find sampler named Sampler2 in the specified shader program.
[10мая2026 12:59:04.286] [Render thread/INFO] [net.neoforged.neoforge.client.entity.animation.json.AnimationLoader/]: Loaded 0 entity animations
[10мая2026 12:59:05.034] [Render thread/INFO] [net.minecraft.world.item.crafting.RecipeManager/]: Loaded 1290 recipes
[10мая2026 12:59:05.180] [Render thread/INFO] [net.minecraft.advancements.AdvancementTree/]: Loaded 1399 advancements
[10мая2026 12:59:05.594] [Server thread/INFO] [net.minecraft.client.server.IntegratedServer/]: Starting integrated minecraft server version 1.21.1
[10мая2026 12:59:05.594] [Server thread/INFO] [net.minecraft.server.MinecraftServer/]: Generating keypair
[10мая2026 12:59:06.459] [Server thread/INFO] [net.minecraft.server.MinecraftServer/]: Preparing start region for dimension minecraft:overworld
[10мая2026 12:59:06.736] [progressListener/INFO] [net.minecraft.server.level.progress.LoggerChunkProgressListener/]: Подготовка области возрождения: 0%
[10мая2026 12:59:06.806] [Server thread/INFO] [net.neoforged.neoforge.server.permission.PermissionAPI/]: Successfully initialized permission handler neoforge:default_handler
[10мая2026 12:59:06.820] [progressListener/INFO] [net.minecraft.server.level.progress.LoggerChunkProgressListener/]: Time elapsed: 347 ms
[10мая2026 12:59:06.864] [Server thread/INFO] [net.minecraft.client.server.IntegratedServer/]: Changing view distance to 12, from 10
[10мая2026 12:59:06.864] [Server thread/INFO] [net.minecraft.client.server.IntegratedServer/]: Changing simulation distance to 12, from 0
[10мая2026 12:59:07.394] [Server thread/INFO] [net.minecraft.server.players.PlayerList/]: Dev[local:E:8b19927a] logged in with entity id 17 at (-497.53110979887737, 67.0, 93.35206069449218)
[10мая2026 12:59:07.432] [Server thread/INFO] [net.minecraft.server.MinecraftServer/]: Dev присоединился к игре
[10мая2026 12:59:07.718] [Render thread/INFO] [net.minecraft.advancements.AdvancementTree/]: Loaded 113 advancements
[10мая2026 12:59:21.160] [Server thread/INFO] [net.minecraft.client.server.IntegratedServer/]: Saving and pausing game...
[10мая2026 12:59:21.174] [Server thread/INFO] [net.minecraft.server.MinecraftServer/]: Saving chunks for level 'ServerLevel[New World]'/minecraft:overworld
[10мая2026 12:59:21.202] [Server thread/INFO] [net.minecraft.server.MinecraftServer/]: Saving chunks for level 'ServerLevel[New World]'/minecraft:the_end
[10мая2026 12:59:21.205] [Server thread/INFO] [net.minecraft.server.MinecraftServer/]: Saving chunks for level 'ServerLevel[New World]'/minecraft:the_nether
[10мая2026 12:59:21.873] [Server thread/INFO] [net.minecraft.server.network.ServerGamePacketListenerImpl/]: Dev lost connection: Отключение
[10мая2026 12:59:21.873] [Server thread/INFO] [net.minecraft.server.MinecraftServer/]: Dev покинул игру
[10мая2026 12:59:21.882] [Server thread/INFO] [net.minecraft.server.network.ServerCommonPacketListenerImpl/]: Stopping singleplayer server as player logged out
[10мая2026 12:59:21.915] [Server thread/INFO] [net.minecraft.server.MinecraftServer/]: Stopping server
[10мая2026 12:59:21.915] [Server thread/INFO] [net.minecraft.server.MinecraftServer/]: Saving players
[10мая2026 12:59:21.915] [Server thread/INFO] [net.minecraft.server.MinecraftServer/]: Saving worlds
[10мая2026 12:59:21.970] [Server thread/INFO] [net.minecraft.server.MinecraftServer/]: Saving chunks for level 'ServerLevel[New World]'/minecraft:overworld
[10мая2026 12:59:22.031] [Server thread/INFO] [net.minecraft.server.MinecraftServer/]: Saving chunks for level 'ServerLevel[New World]'/minecraft:the_end
[10мая2026 12:59:22.033] [Server thread/INFO] [net.minecraft.server.MinecraftServer/]: Saving chunks for level 'ServerLevel[New World]'/minecraft:the_nether
[10мая2026 12:59:22.038] [Server thread/INFO] [net.minecraft.server.MinecraftServer/]: ThreadedAnvilChunkStorage (New World): All chunks are saved
[10мая2026 12:59:22.038] [Server thread/INFO] [net.minecraft.server.MinecraftServer/]: ThreadedAnvilChunkStorage (DIM1): All chunks are saved
[10мая2026 12:59:22.038] [Server thread/INFO] [net.minecraft.server.MinecraftServer/]: ThreadedAnvilChunkStorage (DIM-1): All chunks are saved
[10мая2026 12:59:22.038] [Server thread/INFO] [net.minecraft.server.MinecraftServer/]: ThreadedAnvilChunkStorage: All dimensions are saved
[10мая2026 12:59:22.552] [Render thread/INFO] [net.minecraft.client.Minecraft/]: Stopping!
